FUNCTION  <SNR>47_Highlight_Matching_Pair()
    Defined: ~/Projects/nvim-macos/share/nvim/runtime/plugin/matchparen.vim:40
Called 30 times
Total time:   0.002246
 Self time:   0.001942

count  total (s)   self (s)
                              " Remove any previous match.
   30   0.000498   0.000194   call s:Remove_Matches()
                            
                              " Avoid that we remove the popup menu.
                              " Return when there are no colors (looks like the cursor jumps).
   30              0.000113   if pumvisible() || (&t_Co < 8 && !has("gui_running"))
                                return
   30              0.000011   endif
                            
                              " Get the character under the cursor and check if it's in 'matchpairs'.
   30              0.000073   let c_lnum = line('.')
   30              0.000050   let c_col = col('.')
   30              0.000025   let before = 0
                            
   30              0.000061   let text = getline(c_lnum)
   30              0.000359   let matches = matchlist(text, '\(.\)\=\%'.c_col.'c\(.\=\)')
   30              0.000051   if empty(matches)
                                let [c_before, c] = ['', '']
   30              0.000016   else
   30              0.000097     let [c_before, c] = matches[1:2]
   30              0.000013   endif
   30              0.000278   let plist = split(&matchpairs, '.\zs[:,]')
   30              0.000064   let i = index(plist, c)
   30              0.000027   if i < 0
                                " not found, in Insert mode try character before the cursor
   30              0.000091     if c_col > 1 && (mode() == 'i' || mode() == 'R')
   24              0.000042       let before = strlen(c_before)
   24              0.000021       let c = c_before
   24              0.000034       let i = index(plist, c)
   30              0.000013     endif
   30              0.000020     if i < 0
                                  " not found, nothing to do
   30              0.000023       return
                                endif
                              endif
                            
                              " Figure out the arguments for searchpairpos().
                              if i % 2 == 0
                                let s_flags = 'nW'
                                let c2 = plist[i + 1]
                              else
                                let s_flags = 'nbW'
                                let c2 = c
                                let c = plist[i - 1]
                              endif
                              if c == '['
                                let c = '\['
                                let c2 = '\]'
                              endif
                            
                              " Find the match.  When it was just before the cursor move it there for a
                              " moment.
                              if before > 0
                                let has_getcurpos = exists("*getcurpos")
                                if has_getcurpos
                                  " getcurpos() is more efficient but doesn't exist before 7.4.313.
                                  let save_cursor = getcurpos()
                                else
                                  let save_cursor = winsaveview()
                                endif
                                call cursor(c_lnum, c_col - before)
                              endif
                            
                              if !has("syntax") || !exists("g:syntax_on")
                                let s_skip = "0"
                              else
                                " Build an expression that detects whether the current cursor position is
                                " in certain syntax types (string, comment, etc.), for use as
                                " searchpairpos()'s skip argument.
                                " We match "escape" for special items, such as lispEscapeSpecial, and
                                " match "symbol" for lispBarSymbol.
                                let s_skip = 'synstack(".", col("."))' . '->indexof({_, id -> synIDattr(id, "name") =~? ' . '"string\\|character\\|singlequote\\|escape\\|symbol\\|comment"}) >= 0'
                                " If executing the expression determines that the cursor is currently in
                                " one of the syntax types, then we want searchpairpos() to find the pair
                                " within those syntax types (i.e., not skip).  Otherwise, the cursor is
                                " outside of the syntax types and s_skip should keep its value so we skip
                                " any matching pair inside the syntax types.
                                " Catch if this throws E363: pattern uses more memory than 'maxmempattern'.
                                try
                                  execute 'if ' . s_skip . ' | let s_skip = "0" | endif'
                                catch /^Vim\%((\a\+)\)\=:E363/
                                  " We won't find anything, so skip searching, should keep Vim responsive.
                                  return
                                endtry
                              endif
                            
                              " Limit the search to lines visible in the window.
                              let stoplinebottom = line('w$')
                              let stoplinetop = line('w0')
                              if i % 2 == 0
                                let stopline = stoplinebottom
                              else
                                let stopline = stoplinetop
                              endif
                            
                              " Limit the search time to 300 msec to avoid a hang on very long lines.
                              " This fails when a timeout is not supported.
                              if mode() == 'i' || mode() == 'R'
                                let timeout = exists("b:matchparen_insert_timeout") ? b:matchparen_insert_timeout : g:matchparen_insert_timeout
                              else
                                let timeout = exists("b:matchparen_timeout") ? b:matchparen_timeout : g:matchparen_timeout
                              endif
                              try
                                let [m_lnum, m_col] = searchpairpos(c, '', c2, s_flags, s_skip, stopline, timeout)
                              catch /E118/
                                " Can't use the timeout, restrict the stopline a bit more to avoid taking
                                " a long time on closed folds and long lines.
                                " The "viewable" variables give a range in which we can scroll while
                                " keeping the cursor at the same position.
                                " adjustedScrolloff accounts for very large numbers of scrolloff.
                                let adjustedScrolloff = min([&scrolloff, (line('w$') - line('w0')) / 2])
                                let bottom_viewable = min([line('$'), c_lnum + &lines - adjustedScrolloff - 2])
                                let top_viewable = max([1, c_lnum-&lines+adjustedScrolloff + 2])
                                " one of these stoplines will be adjusted below, but the current values are
                                " minimal boundaries within the current window
                                if i % 2 == 0
                                  if has("byte_offset") && has("syntax_items") && &smc > 0
                            	let stopbyte = min([line2byte("$"), line2byte(".") + col(".") + &smc * 2])
                            	let stopline = min([bottom_viewable, byte2line(stopbyte)])
                                  else
                            	let stopline = min([bottom_viewable, c_lnum + 100])
                                  endif
                                  let stoplinebottom = stopline
                                else
                                  if has("byte_offset") && has("syntax_items") && &smc > 0
                            	let stopbyte = max([1, line2byte(".") + col(".") - &smc * 2])
                            	let stopline = max([top_viewable, byte2line(stopbyte)])
                                  else
                            	let stopline = max([top_viewable, c_lnum - 100])
                                  endif
                                  let stoplinetop = stopline
                                endif
                                let [m_lnum, m_col] = searchpairpos(c, '', c2, s_flags, s_skip, stopline)
                              endtry
                            
                              if before > 0
                                if has_getcurpos
                                  call setpos('.', save_cursor)
                                else
                                  call winrestview(save_cursor)
                                endif
                              endif
                            
                              " If a match is found setup match highlighting.
                              if m_lnum > 0 && m_lnum >= stoplinetop && m_lnum <= stoplinebottom 
                                if exists('*matchaddpos')
                                  call matchaddpos('MatchParen', [[c_lnum, c_col - before], [m_lnum, m_col]], 10, 3)
                                else
                                  exe '3match MatchParen /\(\%' . c_lnum . 'l\%' . (c_col - before) . 'c\)\|\(\%' . m_lnum . 'l\%' . m_col . 'c\)/'
                                endif
                                let w:paren_hl_on = 1
                              endif

FUNCTION  <SNR>47_Remove_Matches()
    Defined: ~/Projects/nvim-macos/share/nvim/runtime/plugin/matchparen.vim:198
Called 30 times
Total time:   0.000304
 Self time:   0.000304

count  total (s)   self (s)
   30              0.000143   if exists('w:paren_hl_on') && w:paren_hl_on
                                silent! call matchdelete(3)
                                let w:paren_hl_on = 0
   30              0.000022   endif

FUNCTION  nvim_treesitter#indent()
    Defined: ~/.local/share/nvim/lazy/nvim-treesitter/autoload/nvim_treesitter.vim:25
Called 1 time
Total time:   0.401687
 Self time:   0.401687

count  total (s)   self (s)
    1              0.401685 	return luaeval(printf('require"nvim-treesitter.indent".get_indent(%d)', v:lnum))

FUNCTIONS SORTED ON TOTAL TIME
count  total (s)   self (s)  function
    1   0.401687             nvim_treesitter#indent()
   30   0.002246   0.001942  <SNR>47_Highlight_Matching_Pair()
   30   0.000304             <SNR>47_Remove_Matches()

FUNCTIONS SORTED ON SELF TIME
count  total (s)   self (s)  function
    1              0.401687  nvim_treesitter#indent()
   30   0.002246   0.001942  <SNR>47_Highlight_Matching_Pair()
   30              0.000304  <SNR>47_Remove_Matches()

